INFO     [2016-02-04 00:39:58,464]  Step1:start
INFO     [2016-02-04 00:39:58,596]  Starting new HTTP connection (1): ru.wikipedia.org
INFO     [2016-02-04 00:39:58,723]  Starting new HTTPS connection (1): ru.wikipedia.org
INFO     [2016-02-04 00:39:59,298]  Starting new HTTP connection (1): ru.wikipedia.org
INFO     [2016-02-04 00:39:59,418]  Starting new HTTPS connection (1): ru.wikipedia.org
INFO     [2016-02-04 00:39:59,872]  Starting new HTTP connection (1): ru.wikipedia.org
INFO     [2016-02-04 00:40:00,122]  Starting new HTTPS connection (1): ru.wikipedia.org
INFO     [2016-02-04 00:40:00,589]  Starting new HTTP connection (1): ru.wikipedia.org
INFO     [2016-02-04 00:40:00,835]  Starting new HTTPS connection (1): ru.wikipedia.org
INFO     [2016-02-04 00:40:01,371]  Starting new HTTP connection (1): ru.wikipedia.org
INFO     [2016-02-04 00:40:01,608]  Starting new HTTPS connection (1): ru.wikipedia.org
INFO     [2016-02-04 00:40:02,323]  Starting new HTTP connection (1): ru.wikipedia.org
INFO     [2016-02-04 00:40:02,494]  Starting new HTTPS connection (1): ru.wikipedia.org
INFO     [2016-02-04 00:40:03,052]  Starting new HTTP connection (1): ru.wikipedia.org
INFO     [2016-02-04 00:40:03,252]  Starting new HTTPS connection (1): ru.wikipedia.org
INFO     [2016-02-04 00:40:03,810]  Starting new HTTP connection (1): ru.wikipedia.org
INFO     [2016-02-04 00:40:04,235]  Starting new HTTPS connection (1): ru.wikipedia.org
INFO     [2016-02-04 00:40:04,787]  Starting new HTTP connection (1): ru.wikipedia.org
INFO     [2016-02-04 00:40:05,026]  Starting new HTTPS connection (1): ru.wikipedia.org
INFO     [2016-02-04 00:40:05,430]  Starting new HTTP connection (1): ru.wikipedia.org
INFO     [2016-02-04 00:40:05,553]  Starting new HTTPS connection (1): ru.wikipedia.org
INFO     [2016-02-04 00:40:06,086]  Starting new HTTP connection (1): ru.wikipedia.org
INFO     [2016-02-04 00:40:06,245]  Starting new HTTPS connection (1): ru.wikipedia.org
INFO     [2016-02-04 00:40:07,024]  Starting new HTTP connection (1): ru.wikipedia.org
INFO     [2016-02-04 00:40:07,126]  Starting new HTTPS connection (1): ru.wikipedia.org
INFO     [2016-02-04 00:40:08,571]  Starting new HTTP connection (1): ru.wikipedia.org
INFO     [2016-02-04 00:40:08,667]  Starting new HTTPS connection (1): ru.wikipedia.org
INFO     [2016-02-04 00:40:09,249]  Starting new HTTP connection (1): ru.wikipedia.org
INFO     [2016-02-04 00:40:09,424]  Starting new HTTPS connection (1): ru.wikipedia.org
INFO     [2016-02-04 00:40:10,174]  Starting new HTTP connection (1): ru.wikipedia.org
INFO     [2016-02-04 00:40:10,294]  Starting new HTTPS connection (1): ru.wikipedia.org
INFO     [2016-02-04 00:40:10,972]  Starting new HTTP connection (1): ru.wikipedia.org
INFO     [2016-02-04 00:40:11,252]  Starting new HTTPS connection (1): ru.wikipedia.org
INFO     [2016-02-04 00:40:11,870]  Starting new HTTP connection (1): ru.wikipedia.org
INFO     [2016-02-04 00:40:12,161]  Starting new HTTPS connection (1): ru.wikipedia.org
INFO     [2016-02-04 00:40:12,776]  Starting new HTTP connection (1): ru.wikipedia.org
INFO     [2016-02-04 00:40:13,031]  Starting new HTTPS connection (1): ru.wikipedia.org
INFO     [2016-02-04 00:40:13,486]  Starting new HTTP connection (1): ru.wikipedia.org
INFO     [2016-02-04 00:40:13,607]  Starting new HTTPS connection (1): ru.wikipedia.org
INFO     [2016-02-04 00:40:14,244]  Starting new HTTP connection (1): ru.wikipedia.org
INFO     [2016-02-04 00:40:14,706]  Starting new HTTPS connection (1): ru.wikipedia.org
INFO     [2016-02-04 00:40:15,354]  Starting new HTTP connection (1): ru.wikipedia.org
INFO     [2016-02-04 00:40:15,516]  Starting new HTTPS connection (1): ru.wikipedia.org
INFO     [2016-02-04 00:40:16,001]  Starting new HTTP connection (1): ru.wikipedia.org
INFO     [2016-02-04 00:40:16,520]  Starting new HTTPS connection (1): ru.wikipedia.org
INFO     [2016-02-04 00:40:17,444]  Starting new HTTP connection (1): ru.wikipedia.org
INFO     [2016-02-04 00:40:17,554]  Starting new HTTPS connection (1): ru.wikipedia.org
INFO     [2016-02-04 00:40:18,204]  Starting new HTTP connection (1): ru.wikipedia.org
INFO     [2016-02-04 00:40:18,540]  Starting new HTTPS connection (1): ru.wikipedia.org
INFO     [2016-02-04 00:40:19,272]  Starting new HTTP connection (1): ru.wikipedia.org
INFO     [2016-02-04 00:40:19,633]  Starting new HTTPS connection (1): ru.wikipedia.org
INFO     [2016-02-04 00:40:20,104]  Starting new HTTP connection (1): ru.wikipedia.org
INFO     [2016-02-04 00:40:20,281]  Starting new HTTPS connection (1): ru.wikipedia.org
INFO     [2016-02-04 00:40:20,796]  Starting new HTTP connection (1): ru.wikipedia.org
INFO     [2016-02-04 00:40:20,936]  Starting new HTTPS connection (1): ru.wikipedia.org
INFO     [2016-02-04 00:40:21,464]  Starting new HTTP connection (1): ru.wikipedia.org
INFO     [2016-02-04 00:40:21,738]  Starting new HTTPS connection (1): ru.wikipedia.org
INFO     [2016-02-04 00:40:22,369]  Starting new HTTP connection (1): ru.wikipedia.org
INFO     [2016-02-04 00:40:22,538]  Starting new HTTPS connection (1): ru.wikipedia.org
INFO     [2016-02-04 00:40:23,004]  Starting new HTTP connection (1): ru.wikipedia.org
INFO     [2016-02-04 00:40:23,199]  Starting new HTTPS connection (1): ru.wikipedia.org
INFO     [2016-02-04 00:40:23,688]  Starting new HTTP connection (1): ru.wikipedia.org
INFO     [2016-02-04 00:40:23,874]  Starting new HTTPS connection (1): ru.wikipedia.org
INFO     [2016-02-04 00:40:24,226]  Starting new HTTP connection (1): ru.wikipedia.org
INFO     [2016-02-04 00:40:24,470]  Starting new HTTPS connection (1): ru.wikipedia.org
INFO     [2016-02-04 00:40:25,127]  Starting new HTTP connection (1): ru.wikipedia.org
INFO     [2016-02-04 00:40:25,269]  Starting new HTTPS connection (1): ru.wikipedia.org
INFO     [2016-02-04 00:40:25,778]  Starting new HTTP connection (1): ru.wikipedia.org
INFO     [2016-02-04 00:40:25,948]  Starting new HTTPS connection (1): ru.wikipedia.org
INFO     [2016-02-04 00:40:26,516]  Starting new HTTP connection (1): ru.wikipedia.org
INFO     [2016-02-04 00:40:26,709]  Starting new HTTPS connection (1): ru.wikipedia.org
INFO     [2016-02-04 00:40:27,203]  Starting new HTTP connection (1): ru.wikipedia.org
INFO     [2016-02-04 00:40:27,304]  Starting new HTTPS connection (1): ru.wikipedia.org
INFO     [2016-02-04 00:40:28,074]  Starting new HTTP connection (1): ru.wikipedia.org
INFO     [2016-02-04 00:40:28,250]  Starting new HTTPS connection (1): ru.wikipedia.org
INFO     [2016-02-04 00:40:28,755]  Starting new HTTP connection (1): ru.wikipedia.org
INFO     [2016-02-04 00:40:29,078]  Starting new HTTPS connection (1): ru.wikipedia.org
INFO     [2016-02-04 00:40:29,401]  Starting new HTTP connection (1): ru.wikipedia.org
INFO     [2016-02-04 00:40:29,497]  Starting new HTTPS connection (1): ru.wikipedia.org
INFO     [2016-02-04 00:40:29,825]  Starting new HTTP connection (1): ru.wikipedia.org
INFO     [2016-02-04 00:40:29,923]  Starting new HTTPS connection (1): ru.wikipedia.org
INFO     [2016-02-04 00:40:30,275]  Starting new HTTP connection (1): ru.wikipedia.org
INFO     [2016-02-04 00:40:30,380]  Starting new HTTPS connection (1): ru.wikipedia.org
INFO     [2016-02-04 00:40:30,709]  Starting new HTTP connection (1): ru.wikipedia.org
INFO     [2016-02-04 00:40:30,801]  Starting new HTTPS connection (1): ru.wikipedia.org
INFO     [2016-02-04 00:40:31,136]  Starting new HTTP connection (1): ru.wikipedia.org
INFO     [2016-02-04 00:40:31,246]  Starting new HTTPS connection (1): ru.wikipedia.org
INFO     [2016-02-04 00:40:31,639]  Loading dictionaries from /usr/local/lib/python3.4/dist-packages/pymorphy2_dicts/data
INFO     [2016-02-04 00:40:31,801]  format: 2.4, revision: 393442, updated: 2015-01-17T16:03:56.586168
INFO     [2016-02-04 00:44:00,063]  Step2:creation of word vector
INFO     [2016-02-04 00:44:00,094]   * Running on http://127.0.0.1:5000/ (Press CTRL+C to quit)
